La génération a démarré 29/08/2014 22:57:38.
     1>Projet "C:\Users\Mzartek\Desktop\Programmation\Engine-DX11-\Engine\Engine.vcxproj" sur le nœud 2 (Build cible(s)).
     1>ClCompile:
         C:\Program Files (x86)\Microsoft Visual Studio 12.0\VC\bin\CL.exe /c /ZI /nologo /W4 /WX- /sdl /Od /Oy- /D WIN32 /D ENGINE_EXPORTS /D _WIN32_WINNT=0x0601 /D _WINDLL /D _MBCS /Gm /EHsc /RTC1 /MDd /GS /fp:precise /Zc:wchar_t /Zc:forScope /Fo"Debug\\" /Fd"Debug\vc120.pdb" /Gd /TP /analyze- /errorReport:prompt Camera.cpp DirLight.cpp FrameBuffer.cpp FreeCam.cpp GBuffer.cpp Input.cpp Light.cpp Model.cpp MovableCamera.cpp D3DObject.cpp Object.cpp PlayerCam.cpp Screen.cpp ShaderProgram.cpp ShadowMap.cpp SkyBox.cpp SpotLight.cpp textureLoader.cpp Renderer.cpp
         Renderer.cpp
         textureLoader.cpp
         SpotLight.cpp
         SkyBox.cpp
         ShadowMap.cpp
         Screen.cpp
         D3DObject.cpp
         Model.cpp
         Light.cpp
         GBuffer.cpp
         FrameBuffer.cpp
         DirLight.cpp
         Camera.cpp
         Génération de code en cours...
         Compilation en cours...
         ShaderProgram.cpp
         PlayerCam.cpp
         Object.cpp
         MovableCamera.cpp
         Input.cpp
         FreeCam.cpp
         Génération de code en cours...
       Link:
         C:\Program Files (x86)\Microsoft Visual Studio 12.0\VC\bin\link.exe /ERRORREPORT:PROMPT /OUT:"C:\Users\Mzartek\Desktop\Programmation\Engine-DX11-\Debug\Engine.dll" /INCREMENTAL /NOLOGO d3d11.lib d3dcompiler.lib dinput8.lib dxguid.lib FreeImage.lib assimp.lib kernel32.lib user32.lib gdi32.lib winspool.lib comdlg32.lib advapi32.lib shell32.lib ole32.lib oleaut32.lib uuid.lib odbc32.lib odbccp32.lib /MANIFEST /MANIFESTUAC:"level='asInvoker' uiAccess='false'" /manifest:embed /DEBUG /PDB:"C:\Users\Mzartek\Desktop\Programmation\Engine-DX11-\Debug\Engine.pdb" /TLBID:1 /DYNAMICBASE /NXCOMPAT /IMPLIB:"C:\Users\Mzartek\Desktop\Programmation\Engine-DX11-\Debug\Engine.lib" /MACHINE:X86 /DLL Debug\Camera.obj
         Debug\DirLight.obj
         Debug\FrameBuffer.obj
         Debug\FreeCam.obj
         Debug\GBuffer.obj
         Debug\Input.obj
         Debug\Light.obj
         Debug\Model.obj
         Debug\MovableCamera.obj
         Debug\D3DObject.obj
         Debug\Object.obj
         Debug\PlayerCam.obj
         Debug\Screen.obj
         Debug\ShaderProgram.obj
         Debug\ShadowMap.obj
         Debug\SkyBox.obj
         Debug\SpotLight.obj
         Debug\textureLoader.obj
         Debug\Renderer.obj
            CrÚation de la bibliothÞque C:\Users\Mzartek\Desktop\Programmation\Engine-DX11-\Debug\Engine.lib et de l'objet C:\Users\Mzartek\Desktop\Programmation\Engine-DX11-\Debug\Engine.exp
         Engine.vcxproj -> C:\Users\Mzartek\Desktop\Programmation\Engine-DX11-\Debug\Engine.dll
     1>Génération du projet "C:\Users\Mzartek\Desktop\Programmation\Engine-DX11-\Engine\Engine.vcxproj" terminée (Build cible(s)).

La génération a réussi.

Temps écoulé 00:00:59.36
