c:\users\mzartek\desktop\programmation\engine-dx11-\engine\debug\vc120.pdb
c:\users\mzartek\desktop\programmation\engine-dx11-\engine\debug\vc120.idb
c:\users\mzartek\desktop\programmation\engine-dx11-\engine\debug\camera.obj
c:\users\mzartek\desktop\programmation\engine-dx11-\engine\debug\framebuffer.obj
c:\users\mzartek\desktop\programmation\engine-dx11-\engine\debug\freecam.obj
c:\users\mzartek\desktop\programmation\engine-dx11-\engine\debug\gbuffer.obj
c:\users\mzartek\desktop\programmation\engine-dx11-\engine\debug\input.obj
c:\users\mzartek\desktop\programmation\engine-dx11-\engine\debug\model.obj
c:\users\mzartek\desktop\programmation\engine-dx11-\engine\debug\movablecamera.obj
c:\users\mzartek\desktop\programmation\engine-dx11-\engine\debug\d3dobject.obj
c:\users\mzartek\desktop\programmation\engine-dx11-\engine\debug\object.obj
c:\users\mzartek\desktop\programmation\engine-dx11-\engine\debug\playercam.obj
c:\users\mzartek\desktop\programmation\engine-dx11-\engine\debug\screen.obj
c:\users\mzartek\desktop\programmation\engine-dx11-\engine\debug\shaderprogram.obj
c:\users\mzartek\desktop\programmation\engine-dx11-\engine\debug\shadowmap.obj
c:\users\mzartek\desktop\programmation\engine-dx11-\engine\debug\skybox.obj
c:\users\mzartek\desktop\programmation\engine-dx11-\engine\debug\textureloader.obj
c:\users\mzartek\desktop\programmation\engine-dx11-\engine\debug\renderer.obj
c:\users\mzartek\desktop\programmation\engine-dx11-\debug\engine.lib
c:\users\mzartek\desktop\programmation\engine-dx11-\debug\engine.exp
c:\users\mzartek\desktop\programmation\engine-dx11-\debug\engine.ilk
c:\users\mzartek\desktop\programmation\engine-dx11-\debug\engine.dll
c:\users\mzartek\desktop\programmation\engine-dx11-\debug\engine.pdb
c:\users\mzartek\desktop\programmation\engine-dx11-\engine\debug\engine.tlog\cl.command.1.tlog
c:\users\mzartek\desktop\programmation\engine-dx11-\engine\debug\engine.tlog\cl.read.1.tlog
c:\users\mzartek\desktop\programmation\engine-dx11-\engine\debug\engine.tlog\cl.write.1.tlog
c:\users\mzartek\desktop\programmation\engine-dx11-\engine\debug\engine.tlog\engine.write.1u.tlog
c:\users\mzartek\desktop\programmation\engine-dx11-\engine\debug\engine.tlog\link.command.1.tlog
c:\users\mzartek\desktop\programmation\engine-dx11-\engine\debug\engine.tlog\link.read.1.tlog
c:\users\mzartek\desktop\programmation\engine-dx11-\engine\debug\engine.tlog\link.write.1.tlog
