La génération a démarré 03/06/2014 16:11:21.
     1>Projet "C:\Users\Mzartek\Desktop\Programmation\Demo(DX11)\Engine\Engine.vcxproj" sur le nœud 2 (Build cible(s)).
     1>Link:
         C:\Program Files (x86)\Microsoft Visual Studio 12.0\VC\bin\x86_amd64\link.exe /ERRORREPORT:PROMPT /OUT:"C:\Users\Mzartek\Desktop\Programmation\Demo(DX11)\x64\Debug\Engine.dll" /INCREMENTAL /NOLOGO d3d11.lib d3dcompiler.lib FreeImage.lib kernel32.lib user32.lib gdi32.lib winspool.lib comdlg32.lib advapi32.lib shell32.lib ole32.lib oleaut32.lib uuid.lib odbc32.lib odbccp32.lib /MANIFEST /MANIFESTUAC:"level='asInvoker' uiAccess='false'" /manifest:embed /DEBUG /PDB:"C:\Users\Mzartek\Desktop\Programmation\Demo(DX11)\x64\Debug\Engine.pdb" /TLBID:1 /DYNAMICBASE /NXCOMPAT /IMPLIB:"C:\Users\Mzartek\Desktop\Programmation\Demo(DX11)\x64\Debug\Engine.lib" /MACHINE:X64 /DLL x64\Debug\DDSTextureLoader.obj
         x64\Debug\ShaderProgram.obj
         x64\Debug\textureLoader.obj
         x64\Debug\Window.obj
            Création de la bibliothèque C:\Users\Mzartek\Desktop\Programmation\Demo(DX11)\x64\Debug\Engine.lib et de l'objet C:\Users\Mzartek\Desktop\Programmation\Demo(DX11)\x64\Debug\Engine.exp
     1>textureLoader.obj : error LNK2019: symbole externe non résolu __imp_FreeImage_Unload référencé dans la fonction "long __cdecl engine::loadTextureFromFile(char const *,struct ID3D11ShaderResourceView * *,struct ID3D11SamplerState * *,struct ID3D11Device *)" (?loadTextureFromFile@engine@@YAJPEBDPEAPEAUID3D11ShaderResourceView@@PEAPEAUID3D11SamplerState@@PEAUID3D11Device@@@Z)
     1>textureLoader.obj : error LNK2019: symbole externe non résolu __imp_FreeImage_Load référencé dans la fonction "long __cdecl engine::loadTextureFromFile(char const *,struct ID3D11ShaderResourceView * *,struct ID3D11SamplerState * *,struct ID3D11Device *)" (?loadTextureFromFile@engine@@YAJPEBDPEAPEAUID3D11ShaderResourceView@@PEAPEAUID3D11SamplerState@@PEAUID3D11Device@@@Z)
     1>textureLoader.obj : error LNK2019: symbole externe non résolu __imp_FreeImage_GetFileType référencé dans la fonction "long __cdecl engine::loadTextureFromFile(char const *,struct ID3D11ShaderResourceView * *,struct ID3D11SamplerState * *,struct ID3D11Device *)" (?loadTextureFromFile@engine@@YAJPEBDPEAPEAUID3D11ShaderResourceView@@PEAPEAUID3D11SamplerState@@PEAUID3D11Device@@@Z)
     1>textureLoader.obj : error LNK2019: symbole externe non résolu __imp_FreeImage_GetBits référencé dans la fonction "long __cdecl engine::loadTextureFromFile(char const *,struct ID3D11ShaderResourceView * *,struct ID3D11SamplerState * *,struct ID3D11Device *)" (?loadTextureFromFile@engine@@YAJPEBDPEAPEAUID3D11ShaderResourceView@@PEAPEAUID3D11SamplerState@@PEAUID3D11Device@@@Z)
     1>textureLoader.obj : error LNK2019: symbole externe non résolu __imp_FreeImage_GetWidth référencé dans la fonction "long __cdecl engine::loadTextureFromFile(char const *,struct ID3D11ShaderResourceView * *,struct ID3D11SamplerState * *,struct ID3D11Device *)" (?loadTextureFromFile@engine@@YAJPEBDPEAPEAUID3D11ShaderResourceView@@PEAPEAUID3D11SamplerState@@PEAUID3D11Device@@@Z)
     1>textureLoader.obj : error LNK2019: symbole externe non résolu __imp_FreeImage_GetHeight référencé dans la fonction "long __cdecl engine::loadTextureFromFile(char const *,struct ID3D11ShaderResourceView * *,struct ID3D11SamplerState * *,struct ID3D11Device *)" (?loadTextureFromFile@engine@@YAJPEBDPEAPEAUID3D11ShaderResourceView@@PEAPEAUID3D11SamplerState@@PEAUID3D11Device@@@Z)
     1>textureLoader.obj : error LNK2019: symbole externe non résolu __imp_FreeImage_ConvertTo32Bits référencé dans la fonction "long __cdecl engine::loadTextureFromFile(char const *,struct ID3D11ShaderResourceView * *,struct ID3D11SamplerState * *,struct ID3D11Device *)" (?loadTextureFromFile@engine@@YAJPEBDPEAPEAUID3D11ShaderResourceView@@PEAPEAUID3D11SamplerState@@PEAUID3D11Device@@@Z)
     1>Window.obj : error LNK2019: symbole externe non résolu __imp_FreeImage_Initialise référencé dans la fonction "public: long __cdecl engine::Window::initWindow(struct HINSTANCE__ * const,__int64 (__cdecl*)(struct HWND__ *,unsigned int,unsigned __int64,__int64),wchar_t const *,wchar_t const *,unsigned int,unsigned int)" (?initWindow@Window@engine@@QEAAJQEAUHINSTANCE__@@P6A_JPEAUHWND__@@I_K_J@ZPEB_W5II@Z)
     1>Window.obj : error LNK2019: symbole externe non résolu __imp_FreeImage_DeInitialise référencé dans la fonction "public: void __cdecl engine::Window::mainLoop(int)" (?mainLoop@Window@engine@@QEAAXH@Z)
     1>C:\Users\Mzartek\Desktop\Programmation\Demo(DX11)\x64\Debug\Engine.dll : fatal error LNK1120: 9 externes non résolus
     1>Génération du projet "C:\Users\Mzartek\Desktop\Programmation\Demo(DX11)\Engine\Engine.vcxproj" terminée (Build cible(s)) -- ÉCHEC.

ÉCHEC de la build.

Temps écoulé 00:00:00.87
