La génération a démarré 25/09/2014 18:03:46.
     1>Projet "C:\Users\Mzartek\Desktop\Programmation\Engine-DX11-\Demo\Demo.vcxproj" sur le nœud 2 (Build cible(s)).
     1>FxCompile:
         C:\Program Files (x86)\Windows Kits\8.1\bin\x86\fxc.exe /nologo /E"main" /T ps_4_0 /Fo "C:\Users\Mzartek\Desktop\Programmation\Engine-DX11-\Visual\Debug\dirLightPixel.cso" /Od /Zi shader\dirLight\dirLightPixel.hlsl 
     1>C:\Users\Mzartek\Desktop\Programmation\Engine-DX11-\Demo\shader\dirLight\dirLightPixel.hlsl(85,2-31): warning X3557: loop only executes for 1 iteration(s), forcing loop to unroll
     1>C:\Users\Mzartek\Desktop\Programmation\Engine-DX11-\Demo\shader\dirLight\dirLightPixel.hlsl(86,3-32): warning X3557: loop only executes for 1 iteration(s), forcing loop to unroll
     1>C:\Users\Mzartek\Desktop\Programmation\Engine-DX11-\Demo\shader\dirLight\dirLightPixel.hlsl(86,3-32): warning X3557: loop only executes for 1 iteration(s), forcing loop to unroll
     1>C:\Users\Mzartek\Desktop\Programmation\Engine-DX11-\Demo\shader\dirLight\dirLightPixel.hlsl(74,13): warning X4000: use of potentially uninitialized variable (lookUp)
         
         compilation object save succeeded; see C:\Users\Mzartek\Desktop\Programmation\Engine-DX11-\Visual\Debug\dirLightPixel.cso
         C:\Program Files (x86)\Windows Kits\8.1\bin\x86\fxc.exe /nologo /E"main" /T ps_4_0 /Fo "C:\Users\Mzartek\Desktop\Programmation\Engine-DX11-\Visual\Debug\spotLightPixel.cso" /Od /Zi shader\spotLight\spotLightPixel.hlsl 
     1>C:\Users\Mzartek\Desktop\Programmation\Engine-DX11-\Demo\shader\spotLight\spotLightPixel.hlsl(87,2-31): warning X3557: loop only executes for 1 iteration(s), forcing loop to unroll
     1>C:\Users\Mzartek\Desktop\Programmation\Engine-DX11-\Demo\shader\spotLight\spotLightPixel.hlsl(88,3-32): warning X3557: loop only executes for 1 iteration(s), forcing loop to unroll
     1>C:\Users\Mzartek\Desktop\Programmation\Engine-DX11-\Demo\shader\spotLight\spotLightPixel.hlsl(88,3-32): warning X3557: loop only executes for 1 iteration(s), forcing loop to unroll
     1>C:\Users\Mzartek\Desktop\Programmation\Engine-DX11-\Demo\shader\spotLight\spotLightPixel.hlsl(76,13): warning X4000: use of potentially uninitialized variable (lookUp)
         
         compilation object save succeeded; see C:\Users\Mzartek\Desktop\Programmation\Engine-DX11-\Visual\Debug\spotLightPixel.cso
         C:\Program Files (x86)\Windows Kits\8.1\bin\x86\fxc.exe /nologo /E"main" /T ps_4_0 /Fo "C:\Users\Mzartek\Desktop\Programmation\Engine-DX11-\Visual\Debug\vLightPixel.cso" /Od /Zi shader\vLight\vLightPixel.hlsl 
         compilation object save succeeded; see C:\Users\Mzartek\Desktop\Programmation\Engine-DX11-\Visual\Debug\vLightPixel.cso
         C:\Program Files (x86)\Windows Kits\8.1\bin\x86\fxc.exe /nologo /E"main" /T vs_4_0 /Fo "C:\Users\Mzartek\Desktop\Programmation\Engine-DX11-\Visual\Debug\vLightVertex.cso" /Od /Zi shader\vLight\vLightVertex.hlsl 
         compilation object save succeeded; see C:\Users\Mzartek\Desktop\Programmation\Engine-DX11-\Visual\Debug\vLightVertex.cso
       ClCompile:
         C:\Program Files (x86)\Microsoft Visual Studio 12.0\VC\bin\CL.exe /c /ZI /nologo /W4 /WX- /sdl /Od /Oy- /D WIN32 /D DEBUG /D _UNICODE /D UNICODE /Gm /EHsc /RTC1 /MDd /GS /fp:precise /Zc:wchar_t /Zc:forScope /Fo"Debug\\" /Fd"Debug\vc120.pdb" /Gd /TP /analyze- /errorReport:prompt src\config.cpp src\main.cpp
         main.cpp
         config.cpp
         Génération de code en cours...
       Link:
         C:\Program Files (x86)\Microsoft Visual Studio 12.0\VC\bin\link.exe /ERRORREPORT:PROMPT /OUT:"C:\Users\Mzartek\Desktop\Programmation\Engine-DX11-\Visual\Debug\Demo.exe" /INCREMENTAL /NOLOGO Engine.lib kernel32.lib user32.lib gdi32.lib winspool.lib comdlg32.lib advapi32.lib shell32.lib ole32.lib oleaut32.lib uuid.lib odbc32.lib odbccp32.lib /MANIFEST /MANIFESTUAC:"level='asInvoker' uiAccess='false'" /manifest:embed /DEBUG /PDB:"C:\Users\Mzartek\Desktop\Programmation\Engine-DX11-\Visual\Debug\Demo.pdb" /SUBSYSTEM:WINDOWS /TLBID:1 /DYNAMICBASE /NXCOMPAT /IMPLIB:"C:\Users\Mzartek\Desktop\Programmation\Engine-DX11-\Visual\Debug\Demo.lib" /MACHINE:X86 Debug\config.obj
         Debug\main.obj
         Demo.vcxproj -> C:\Users\Mzartek\Desktop\Programmation\Engine-DX11-\Visual\Debug\Demo.exe
     1>Génération du projet "C:\Users\Mzartek\Desktop\Programmation\Engine-DX11-\Demo\Demo.vcxproj" terminée (Build cible(s)).

La génération a réussi.

Temps écoulé 00:00:07.74
