c:\users\mzartek\desktop\programmation\engine-dx11-\demo\debug\vc120.pdb
c:\users\mzartek\desktop\programmation\engine-dx11-\demo\debug\vc120.idb
c:\users\mzartek\desktop\programmation\engine-dx11-\demo\debug\config.obj
c:\users\mzartek\desktop\programmation\engine-dx11-\demo\debug\main.obj
c:\users\mzartek\desktop\programmation\engine-dx11-\debug\dirlightpixel.cso
c:\users\mzartek\desktop\programmation\engine-dx11-\debug\dirlightvertex.cso
c:\users\mzartek\desktop\programmation\engine-dx11-\debug\objectgeom.cso
c:\users\mzartek\desktop\programmation\engine-dx11-\debug\objectpixel.cso
c:\users\mzartek\desktop\programmation\engine-dx11-\debug\objectvertex.cso
c:\users\mzartek\desktop\programmation\engine-dx11-\debug\screenpixel.cso
c:\users\mzartek\desktop\programmation\engine-dx11-\debug\screenvertex.cso
c:\users\mzartek\desktop\programmation\engine-dx11-\debug\shadowmappixel.cso
c:\users\mzartek\desktop\programmation\engine-dx11-\debug\shadowmapvertex.cso
c:\users\mzartek\desktop\programmation\engine-dx11-\debug\shadowvolumespotgeom.cso
c:\users\mzartek\desktop\programmation\engine-dx11-\debug\shadowvolumespotvertex.cso
c:\users\mzartek\desktop\programmation\engine-dx11-\debug\skyboxpixel.cso
c:\users\mzartek\desktop\programmation\engine-dx11-\debug\skyboxvertex.cso
c:\users\mzartek\desktop\programmation\engine-dx11-\debug\spotlightpixel.cso
c:\users\mzartek\desktop\programmation\engine-dx11-\debug\spotlightvertex.cso
c:\users\mzartek\desktop\programmation\engine-dx11-\debug\demo.ilk
c:\users\mzartek\desktop\programmation\engine-dx11-\debug\demo.exe
c:\users\mzartek\desktop\programmation\engine-dx11-\debug\demo.pdb
c:\users\mzartek\desktop\programmation\engine-dx11-\demo\debug\demo.tlog\cl.command.1.tlog
c:\users\mzartek\desktop\programmation\engine-dx11-\demo\debug\demo.tlog\cl.read.1.tlog
c:\users\mzartek\desktop\programmation\engine-dx11-\demo\debug\demo.tlog\cl.write.1.tlog
c:\users\mzartek\desktop\programmation\engine-dx11-\demo\debug\demo.tlog\demo.write.1u.tlog
c:\users\mzartek\desktop\programmation\engine-dx11-\demo\debug\demo.tlog\fxc.command.1.tlog
c:\users\mzartek\desktop\programmation\engine-dx11-\demo\debug\demo.tlog\fxc.read.1.tlog
c:\users\mzartek\desktop\programmation\engine-dx11-\demo\debug\demo.tlog\fxc.write.1.tlog
c:\users\mzartek\desktop\programmation\engine-dx11-\demo\debug\demo.tlog\link.command.1.tlog
c:\users\mzartek\desktop\programmation\engine-dx11-\demo\debug\demo.tlog\link.read.1.tlog
c:\users\mzartek\desktop\programmation\engine-dx11-\demo\debug\demo.tlog\link.write.1.tlog
